#
# There is insufficient memory for the Java Runtime Environment to continue.
# Native memory allocation (mmap) failed to map 132120576 bytes for Failed to commit area from 0x0000000082000000 to 0x0000000089e00000 of length 132120576.
# Possible reasons:
#   The system is out of physical RAM or swap space
#   The process is running with CompressedOops enabled, and the Java Heap may be blocking the growth of the native heap
# Possible solutions:
#   Reduce memory load on the system
#   Increase physical memory or swap space
#   Check if swap backing store is full
#   Decrease Java heap size (-Xmx/-Xms)
#   Decrease number of Java threads
#   Decrease Java thread stack sizes (-Xss)
#   Set larger code cache with -XX:ReservedCodeCacheSize=
# This output file may be truncated or incomplete.
#
#  Out of Memory Error (t:/workspace/open/src/hotspot/os/windows/os_windows.cpp:3221), pid=16600, tid=17036
#
# JRE version:  (10.0.2+13) (build )
# Java VM: Java HotSpot(TM) 64-Bit Server VM (10.0.2+13, mixed mode, aot, tiered, compressed oops, g1 gc, windows-amd64)
# No core dump will be written. Minidumps are not enabled by default on client versions of Windows
#

---------------  S U M M A R Y ------------

Command Line: -javaagent:C:\Program Files\JetBrains\IntelliJ IDEA Community Edition 2018.2.4\lib\idea_rt.jar=62472:C:\Program Files\JetBrains\IntelliJ IDEA Community Edition 2018.2.4\bin -Dfile.encoding=UTF-8 com.company.Main

Host: Intel(R) Core(TM) i5-6200U CPU @ 2.30GHz, 4 cores, 7G,  Windows 10 , 64 bit Build 17134 (10.0.17134.1)
Time: Sat Dec 01 13:27:25 2018 Pacific Standard Time elapsed time: 0 seconds (0d 0h 0m 0s)

---------------  T H R E A D  ---------------

Current thread (0x000002554ec8f000):  JavaThread "Unknown thread" [_thread_in_vm, id=17036, stack(0x000000779a300000,0x000000779a400000)]

Stack: [0x000000779a300000,0x000000779a400000]
Native frames: (J=compiled Java code, j=interpreted, Vv=VM code, C=native code)
V  [jvm.dll+0x5a01a9]
V  [jvm.dll+0x6bcf31]
V  [jvm.dll+0x6be126]
V  [jvm.dll+0x6be7b3]
V  [jvm.dll+0x234978]
V  [jvm.dll+0x59dac4]
V  [jvm.dll+0x592825]
V  [jvm.dll+0x2f632b]
V  [jvm.dll+0x2f6295]
V  [jvm.dll+0x2f6172]
V  [jvm.dll+0x2f8366]
V  [jvm.dll+0x344293]
V  [jvm.dll+0x3449a6]
V  [jvm.dll+0x344393]
V  [jvm.dll+0x2c4628]
V  [jvm.dll+0x2c5771]
V  [jvm.dll+0x69d1db]
V  [jvm.dll+0x69e9fc]
V  [jvm.dll+0x3519e9]
V  [jvm.dll+0x6856a2]
V  [jvm.dll+0x3ba0c3]
V  [jvm.dll+0x3bc261]
C  [java.exe+0x3531]
C  [java.exe+0xe1af]
C  [java.exe+0xe356]
C  [KERNEL32.DLL+0x13034]
C  [ntdll.dll+0x71461]


---------------  P R O C E S S  ---------------

Threads class SMR info:
_java_thread_list=0x000002554cb05eb0, length=0, elements={
}

Java Threads: ( => current thread )

Other Threads:
  0x000002554eca9000 GCTaskThread "GC Thread#0" [stack: 0x000000779a400000,0x000000779a500000] [id=7972]
  0x000002554ecaa000 GCTaskThread "GC Thread#1" [stack: 0x000000779a500000,0x000000779a600000] [id=2236]
  0x000002554ecac000 GCTaskThread "GC Thread#2" [stack: 0x000000779a600000,0x000000779a700000] [id=17008]
  0x000002554ecae800 GCTaskThread "GC Thread#3" [stack: 0x000000779a700000,0x000000779a800000] [id=12272]
  0x000002554ed18000 ConcurrentGCThread "G1 Main Marker" [stack: 0x000000779a800000,0x000000779a900000] [id=7056]
  0x000002554ed1e800 ConcurrentGCThread "G1 Conc#0" [stack: 0x000000779a900000,0x000000779aa00000] [id=8772]

[error occurred during error reporting (printing all threads), id 0xe0000002]

VM state:not at safepoint (not fully initialized)

VM Mutex/Monitor currently owned by a thread:  ([mutex/lock_event])
[0x000002554ec8d680] Heap_lock - owner thread: 0x000002554ec8f000

Heap address: 0x0000000082000000, size: 2016 MB, Compressed Oops mode: Non-zero based: 0x0000000082000000
Narrow klass base: 0x0000000000000000, Narrow klass shift: 0

GC Heap History (0 events):
No events

Deoptimization events (0 events):
No events

Classes redefined (0 events):
No events

Internal exceptions (0 events):
No events

Events (0 events):
No events


Dynamic libraries:
0x00007ff65aa40000 - 0x00007ff65aa7e000 	C:\Program Files\Java\jdk-10.0.2\bin\java.exe
0x00007ff818e20000 - 0x00007ff819001000 	C:\WINDOWS\SYSTEM32\ntdll.dll
0x00007ff8162b0000 - 0x00007ff816362000 	C:\WINDOWS\System32\KERNEL32.DLL
0x00007ff8152a0000 - 0x00007ff815513000 	C:\WINDOWS\System32\KERNELBASE.dll
0x00007ff816c50000 - 0x00007ff816cf1000 	C:\WINDOWS\System32\ADVAPI32.dll
0x00007ff816630000 - 0x00007ff8166ce000 	C:\WINDOWS\System32\msvcrt.dll
0x00007ff8166d0000 - 0x00007ff81672b000 	C:\WINDOWS\System32\sechost.dll
0x00007ff8167e0000 - 0x00007ff816904000 	C:\WINDOWS\System32\RPCRT4.dll
0x00007ff816480000 - 0x00007ff816610000 	C:\WINDOWS\System32\USER32.dll
0x00007ff8160f0000 - 0x00007ff816110000 	C:\WINDOWS\System32\win32u.dll
0x00007ff816d90000 - 0x00007ff816db8000 	C:\WINDOWS\System32\GDI32.dll
0x00007ff816110000 - 0x00007ff8162a2000 	C:\WINDOWS\System32\gdi32full.dll
0x00007ff816050000 - 0x00007ff8160ef000 	C:\WINDOWS\System32\msvcp_win.dll
0x00007ff815ce0000 - 0x00007ff815dda000 	C:\WINDOWS\System32\ucrtbase.dll
0x00007ff807860000 - 0x00007ff807ac9000 	C:\WINDOWS\WinSxS\amd64_microsoft.windows.common-controls_6595b64144ccf1df_6.0.17134.345_none_fb429a5930656358\COMCTL32.dll
0x00007ff817080000 - 0x00007ff8173a3000 	C:\WINDOWS\System32\combase.dll
0x00007ff815fd0000 - 0x00007ff81604a000 	C:\WINDOWS\System32\bcryptPrimitives.dll
0x00007ff8067b0000 - 0x00007ff8067ba000 	C:\WINDOWS\SYSTEM32\VERSION.dll
0x00007ff816ac0000 - 0x00007ff816aed000 	C:\WINDOWS\System32\IMM32.DLL
0x00007ffff47e0000 - 0x00007ffff48cf000 	C:\Program Files\Java\jdk-10.0.2\bin\msvcr120.dll
0x00007ffff6220000 - 0x00007ffff62c6000 	C:\Program Files\Java\jdk-10.0.2\bin\msvcp120.dll
0x00000000538b0000 - 0x0000000054320000 	C:\Program Files\Java\jdk-10.0.2\bin\server\jvm.dll
0x00007ff816d00000 - 0x00007ff816d08000 	C:\WINDOWS\System32\PSAPI.DLL
0x00007ff813d30000 - 0x00007ff813d39000 	C:\WINDOWS\SYSTEM32\WSOCK32.dll
0x00007ff816410000 - 0x00007ff81647c000 	C:\WINDOWS\System32\WS2_32.dll
0x00007ff811b10000 - 0x00007ff811b33000 	C:\WINDOWS\SYSTEM32\WINMM.dll
0x00007ff811ae0000 - 0x00007ff811b0a000 	C:\WINDOWS\SYSTEM32\WINMMBASE.dll
0x00007ff815520000 - 0x00007ff815569000 	C:\WINDOWS\System32\cfgmgr32.dll
0x00007ff810c40000 - 0x00007ff810c4f000 	C:\Program Files\Java\jdk-10.0.2\bin\verify.dll
0x00007ff813b40000 - 0x00007ff813d09000 	C:\WINDOWS\SYSTEM32\DBGHELP.DLL
0x00007ffffe680000 - 0x00007ffffe6a9000 	C:\WINDOWS\SYSTEM32\dbgcore.DLL
0x00007ffff7fe0000 - 0x00007ffff8007000 	C:\Program Files\Java\jdk-10.0.2\bin\java.dll
0x00007ffffbed0000 - 0x00007ffffbefa000 	C:\Program Files\Java\jdk-10.0.2\bin\instrument.dll
0x00007ffffd5a0000 - 0x00007ffffd5b6000 	C:\Program Files\Java\jdk-10.0.2\bin\zip.dll
0x00007ff80aca0000 - 0x00007ff80acaa000 	C:\Program Files\Java\jdk-10.0.2\bin\jimage.dll

dbghelp: loaded successfully - version: 4.0.5 - missing functions: none
symbol engine: initialized successfully - sym options: 0x614 - pdb path: .;C:\Program Files\Java\jdk-10.0.2\bin;C:\WINDOWS\SYSTEM32;C:\WINDOWS\WinSxS\amd64_microsoft.windows.common-controls_6595b64144ccf1df_6.0.17134.345_none_fb429a5930656358;C:\Program Files\Java\jdk-10.0.2\bin\server

VM Arguments:
jvm_args: -javaagent:C:\Program Files\JetBrains\IntelliJ IDEA Community Edition 2018.2.4\lib\idea_rt.jar=62472:C:\Program Files\JetBrains\IntelliJ IDEA Community Edition 2018.2.4\bin -Dfile.encoding=UTF-8 
java_command: com.company.Main
java_class_path (initial): C:\Users\Ruben\Lab8\out\production\Lab8
Launcher Type: SUN_STANDARD

Logging:
Log output configuration:
#0: stdout all=warning uptime,level,tags
#1: stderr all=off uptime,level,tags

Environment Variables:
PATH=C:\Program Files (x86)\Common Files\Oracle\Java\javapath;C:\ProgramData\Oracle\Java\javapath;C:\WINDOWS\system32;C:\WINDOWS;C:\WINDOWS\System32\Wbem;C:\WINDOWS\System32\WindowsPowerShell\v1.0\;C:\WINDOWS\System32\OpenSSH\;C:\Program Files (x86)\Brackets\command;C:\Users\Ruben\AppData\Local\Microsoft\WindowsApps;
USERNAME=Ruben
OS=Windows_NT
PROCESSOR_IDENTIFIER=Intel64 Family 6 Model 78 Stepping 3, GenuineIntel



---------------  S Y S T E M  ---------------

OS: Windows 10 , 64 bit Build 17134 (10.0.17134.1)

CPU:total 4 (initial active 4) (2 cores per cpu, 2 threads per core) family 6 model 78 stepping 3, cmov, cx8, fxsr, mmx, sse, sse2, sse3, ssse3, sse4.1, sse4.2, popcnt, avx, avx2, aes, clmul, erms, 3dnowpref, lzcnt, ht, tsc, tscinvbit, bmi1, bmi2, adx, fma

Memory: 4k page, physical 8253936k(2245936k free), swap 10223668k(55720k free)

vm_info: Java HotSpot(TM) 64-Bit Server VM (10.0.2+13) for windows-amd64 JRE (10.0.2+13), built on Jun 28 2018 01:57:56 by "mach5one" with MS VC++ 12.0 (VS2013)

END.
